(Linux uses --headless by default. To override, use --headed / --gui. For Xvfb mode instead, use --xvfb. Or you can hide this info by using --headless / --headless2 / --uc.)
============================= test session starts ==============================
platform linux -- Python 3.12.3, pytest-9.1.1, pluggy-1.6.0 -- /usr/bin/python3
cachedir: .pytest_cache
metadata: {'Python': '3.12.3', 'Platform': 'Linux-6.18.38+-x86_64-with-glibc2.39', 'Packages': {'pytest': '9.1.1', 'pluggy': '1.6.0'}, 'Plugins': {'xdist': '3.8.0', 'rerunfailures': '16.6.1', 'ordering': '0.6', 'metadata': '3.1.1', 'html': '4.0.2', 'seleniumbase': '4.54.1', 'anyio': '4.14.2'}}
rootdir: /home/ubuntu/dz-bet
configfile: pyproject.toml
plugins: xdist-3.8.0, rerunfailures-16.6.1, ordering-0.6, metadata-3.1.1, html-4.0.2, seleniumbase-4.54.1, anyio-4.14.2
collecting ... collected 22 items

tests/test_data_layer.py::test_match_ids_unique PASSED                   [  4%]
tests/test_data_layer.py::test_no_missing_closing_odds PASSED            [  9%]
tests/test_data_layer.py::test_season_boundaries_consistent PASSED       [ 13%]
tests/test_data_layer.py::test_holdout_season_not_in_train PASSED        [ 18%]
tests/test_data_layer.py::test_no_post_kickoff_odds PASSED               [ 22%]
tests/test_data_layer.py::test_xg_coverage_threshold PASSED              [ 27%]
tests/test_data_layer.py::test_source_cross_validation PASSED            [ 31%]
tests/test_data_layer.py::test_team_names_normalized PASSED              [ 36%]
tests/test_data_layer.py::test_no_duplicate_matches PASSED               [ 40%]
tests/test_data_layer.py::test_holdout_file_untouched PASSED             [ 45%]
tests/test_methodology.py::test_season_boundaries_do_not_overlap PASSED  [ 50%]
tests/test_methodology.py::test_holdout_season_not_in_train PASSED       [ 54%]
tests/test_methodology.py::test_split_requires_two_training_seasons PASSED [ 59%]
tests/test_methodology.py::test_poisson_beats_base_rate_on_simple_out_of_sample_case PASSED [ 63%]
tests/test_phase0.py::test_rejects_invalid_odds PASSED                   [ 68%]
tests/test_phase0.py::test_steam_move_is_timestamp_bounded PASSED        [ 72%]
tests/test_phase0.py::test_confluence_matrix PASSED                      [ 77%]
tests/test_phase0.py::test_stability_score_weights_unofficial_sources PASSED [ 81%]
tests/test_phase0.py::test_gate_rejects_small_sample_and_unproven_assumptions PASSED [ 86%]
tests/test_phase0_integration.py::test_poisson_probabilities_sum_to_one PASSED [ 90%]
tests/test_phase0_integration.py::test_post_kickoff_quotes_are_excluded PASSED [ 95%]
tests/test_phase0_integration.py::test_steam_move_ignores_negative_time_order PASSED [100%]

============================== 22 passed in 3.01s ==============================
